0 verbose cli C:\Program Files\nodejs\node.exe C:\Users\robin\AppData\Roaming\npm\node_modules\npm\bin\npm-cli.js
1 info using npm@10.4.0
2 info using node@v21.6.2
3 timing npm:load:whichnode Completed in 2ms
4 timing config:load:defaults Completed in 2ms
5 timing config:load:file:C:\Users\robin\AppData\Roaming\npm\node_modules\npm\npmrc Completed in 4ms
6 timing config:load:builtin Completed in 5ms
7 timing config:load:cli Completed in 3ms
8 timing config:load:env Completed in 1ms
9 timing config:load:file:C:\Users\robin\Documents\GitHub\bg\bravegrumpy.website\.npmrc Completed in 1ms
10 timing config:load:project Completed in 5ms
11 timing config:load:file:C:\Users\robin\.npmrc Completed in 0ms
12 timing config:load:user Completed in 0ms
13 timing config:load:file:C:\Users\robin\AppData\Roaming\npm\etc\npmrc Completed in 0ms
14 timing config:load:global Completed in 0ms
15 timing config:load:setEnvs Completed in 1ms
16 timing config:load Completed in 17ms
17 timing npm:load:configload Completed in 18ms
18 timing config:load:flatten Completed in 3ms
19 timing npm:load:mkdirpcache Completed in 0ms
20 timing npm:load:mkdirplogs Completed in 1ms
21 verbose title npm ci
22 verbose argv "ci" "--cache" ".np" "--prefer-ofline"
23 timing npm:load:setTitle Completed in 1ms
24 timing npm:load:display Completed in 0ms
25 verbose logfile logs-max:10 dir:C:\Users\robin\Documents\GitHub\bg\bravegrumpy.website\.np\_logs\2024-09-20T19_15_59_594Z-
26 verbose logfile C:\Users\robin\Documents\GitHub\bg\bravegrumpy.website\.np\_logs\2024-09-20T19_15_59_594Z-debug-0.log
27 timing npm:load:logFile Completed in 10ms
28 timing npm:load:timers Completed in 0ms
29 timing npm:load:configScope Completed in 0ms
30 timing npm:load Completed in 74ms
31 timing arborist:ctor Completed in 0ms
32 silly logfile done cleaning log files
33 timing idealTree:init Completed in 1212ms
34 timing idealTree:userRequests Completed in 0ms
35 silly idealTree buildDeps
36 timing idealTree:#root Completed in 0ms
37 timing idealTree:buildDeps Completed in 3ms
38 timing idealTree:fixDepFlags Completed in 0ms
39 timing idealTree Completed in 1232ms
40 http fetch GET 200 https://registry.npmjs.org/npm 4401ms
41 timing npm-ci:rm Completed in 16619ms
42 timing reify:loadTrees Completed in 16ms
43 timing reify:diffTrees Completed in 24ms
44 silly reify moves {}
45 timing reify:retireShallow Completed in 3ms
46 timing reify:createSparse Completed in 336ms
47 silly tarball no local data for aws-cdk-lib@https://registry.npmjs.org/aws-cdk-lib/-/aws-cdk-lib-2.159.1.tgz. Extracting by manifest.
48 silly tarball no local data for @aws-amplify/graphql-api-construct@https://registry.npmjs.org/@aws-amplify/graphql-api-construct/-/graphql-api-construct-1.13.0.tgz. Extracting by manifest.
49 silly tarball no local data for @aws-amplify/data-construct@https://registry.npmjs.org/@aws-amplify/data-construct/-/data-construct-1.10.1.tgz. Extracting by manifest.
50 silly tarball no local data for @aws-cdk/cloud-assembly-schema@https://registry.npmjs.org/@aws-cdk/cloud-assembly-schema/-/cloud-assembly-schema-36.3.0.tgz. Extracting by manifest.
51 http fetch GET 200 https://registry.npmjs.org/@aws-cdk/cloud-assembly-schema/-/cloud-assembly-schema-36.3.0.tgz 3801ms (cache miss)
52 timing reifyNode:node_modules/@aws-cdk/cloud-assembly-schema Completed in 3823ms
53 http fetch GET 200 https://registry.npmjs.org/@aws-amplify/data-construct/-/data-construct-1.10.1.tgz 45620ms (cache miss)
54 timing reifyNode:node_modules/@aws-amplify/data-construct Completed in 45640ms
55 http fetch GET 200 https://registry.npmjs.org/@aws-amplify/graphql-api-construct/-/graphql-api-construct-1.13.0.tgz 46441ms (cache miss)
56 timing reifyNode:node_modules/@aws-amplify/graphql-api-construct Completed in 46460ms
57 http fetch GET 200 https://registry.npmjs.org/aws-cdk-lib/-/aws-cdk-lib-2.159.1.tgz 49190ms (cache miss)
58 timing reifyNode:node_modules/aws-cdk-lib Completed in 49206ms
59 timing arborist:ctor Completed in 1ms
60 timing arborist:ctor Completed in 0ms
61 timing arborist:ctor Completed in 1ms
62 timing arborist:ctor Completed in 0ms
